default.properties
4 bytes of seed data acquired from /dev/random
Cellular Automaton RNG created with seed 01AD5BF3
4 bytes of seed data acquired from /dev/random
Cellular Automaton RNG created with seed 2540F412
Updating the PRNG
4 bytes of seed data acquired from /dev/random
Cellular Automaton RNG created with seed FD0666D0
Updating the PRNG

RUN 1

Best Fitness: 1.0
Unsolved Clauses:
SUCCESS
4 bytes of seed data acquired from /dev/random
Cellular Automaton RNG created with seed A4EF5219
Updating the PRNG

RUN 2

Best Fitness: 1.0
Unsolved Clauses:
SUCCESS
4 bytes of seed data acquired from /dev/random
Cellular Automaton RNG created with seed A746FC71
Updating the PRNG

RUN 3

Best Fitness: 1.0
Unsolved Clauses:
SUCCESS
4 bytes of seed data acquired from /dev/random
Cellular Automaton RNG created with seed 01CEFC62
Updating the PRNG

RUN 4

Best Fitness: 1.0
Unsolved Clauses:
SUCCESS
4 bytes of seed data acquired from /dev/random
Cellular Automaton RNG created with seed 2B04FCD9
Updating the PRNG

RUN 5

Best Fitness: 1.0
Unsolved Clauses:
SUCCESS
4 bytes of seed data acquired from /dev/random
Cellular Automaton RNG created with seed D99740A6
Updating the PRNG

RUN 6

Best Fitness: 1.0
Unsolved Clauses:
SUCCESS
4 bytes of seed data acquired from /dev/random
Cellular Automaton RNG created with seed 2A9ED7E9
Updating the PRNG

RUN 7

Best Fitness: 1.0
Unsolved Clauses:
SUCCESS
4 bytes of seed data acquired from /dev/random
Cellular Automaton RNG created with seed 3EB0F2E5
Updating the PRNG

RUN 8

Best Fitness: 1.0
Unsolved Clauses:
SUCCESS
4 bytes of seed data acquired from /dev/random
Cellular Automaton RNG created with seed E27F2EF9
Updating the PRNG

RUN 9

Best Fitness: 1.0
Unsolved Clauses:
SUCCESS
4 bytes of seed data acquired from /dev/random
Cellular Automaton RNG created with seed 5F1DC79B
Updating the PRNG

RUN 10

Best Fitness: 1.0
Unsolved Clauses:
SUCCESS
4 bytes of seed data acquired from /dev/random
Cellular Automaton RNG created with seed 54667451
Updating the PRNG

RUN 11

Best Fitness: 1.0
Unsolved Clauses:
SUCCESS
4 bytes of seed data acquired from /dev/random
Cellular Automaton RNG created with seed 7D91E78F
Updating the PRNG

RUN 12

Best Fitness: 1.0
Unsolved Clauses:
SUCCESS
4 bytes of seed data acquired from /dev/random
Cellular Automaton RNG created with seed 2052108C
Updating the PRNG

RUN 13

Best Fitness: 1.0
Unsolved Clauses:
SUCCESS
4 bytes of seed data acquired from /dev/random
Cellular Automaton RNG created with seed 602529E6
Updating the PRNG

RUN 14

Best Fitness: 1.0
Unsolved Clauses:
SUCCESS
4 bytes of seed data acquired from /dev/random
Cellular Automaton RNG created with seed B53DC42B
Updating the PRNG

RUN 15

Best Fitness: 1.0
Unsolved Clauses:
SUCCESS
4 bytes of seed data acquired from /dev/random
Cellular Automaton RNG created with seed 49D89F90
Updating the PRNG

RUN 16

Best Fitness: 1.0
Unsolved Clauses:
SUCCESS
4 bytes of seed data acquired from /dev/random
Cellular Automaton RNG created with seed B8F223EE
Updating the PRNG

RUN 17

Best Fitness: 1.0
Unsolved Clauses:
SUCCESS
4 bytes of seed data acquired from /dev/random
Cellular Automaton RNG created with seed DFBB96CF
Updating the PRNG

RUN 18

Best Fitness: 1.0
Unsolved Clauses:
SUCCESS
4 bytes of seed data acquired from /dev/random
Cellular Automaton RNG created with seed 5E593AEA
Updating the PRNG

RUN 19

Best Fitness: 1.0
Unsolved Clauses:
SUCCESS
4 bytes of seed data acquired from /dev/random
Cellular Automaton RNG created with seed 6608F1F4
Updating the PRNG

RUN 20

Best Fitness: 0.9954128440366973
Unsolved Clauses:135 
FAILURE
4 bytes of seed data acquired from /dev/random
Cellular Automaton RNG created with seed 2A7A6607
Updating the PRNG

RUN 21

Best Fitness: 1.0
Unsolved Clauses:
SUCCESS
4 bytes of seed data acquired from /dev/random
Cellular Automaton RNG created with seed E97775C5
Updating the PRNG

RUN 22

Best Fitness: 1.0
Unsolved Clauses:
SUCCESS
4 bytes of seed data acquired from /dev/random
Cellular Automaton RNG created with seed 12B3686E
Updating the PRNG

RUN 23

Best Fitness: 1.0
Unsolved Clauses:
SUCCESS
4 bytes of seed data acquired from /dev/random
Cellular Automaton RNG created with seed 568F84FD
Updating the PRNG

RUN 24

Best Fitness: 1.0
Unsolved Clauses:
SUCCESS
4 bytes of seed data acquired from /dev/random
Cellular Automaton RNG created with seed BE8ED8C2
Updating the PRNG

RUN 25

Best Fitness: 1.0
Unsolved Clauses:
SUCCESS
4 bytes of seed data acquired from /dev/random
Cellular Automaton RNG created with seed 0268CF33
Updating the PRNG

RUN 26

Best Fitness: 0.9954128440366973
Unsolved Clauses:77 
FAILURE
4 bytes of seed data acquired from /dev/random
Cellular Automaton RNG created with seed D1BC000E
Updating the PRNG

RUN 27

Best Fitness: 1.0
Unsolved Clauses:
SUCCESS
4 bytes of seed data acquired from /dev/random
Cellular Automaton RNG created with seed 421A669F
Updating the PRNG

RUN 28

Best Fitness: 1.0
Unsolved Clauses:
SUCCESS
4 bytes of seed data acquired from /dev/random
Cellular Automaton RNG created with seed 0562BB85
Updating the PRNG

RUN 29

Best Fitness: 1.0
Unsolved Clauses:
SUCCESS
4 bytes of seed data acquired from /dev/random
Cellular Automaton RNG created with seed 4E16A18E
Updating the PRNG

RUN 30

Best Fitness: 0.9954128440366973
Unsolved Clauses:170 
FAILURE
4 bytes of seed data acquired from /dev/random
Cellular Automaton RNG created with seed B74691A2
Updating the PRNG

RUN 31

Best Fitness: 1.0
Unsolved Clauses:
SUCCESS
4 bytes of seed data acquired from /dev/random
Cellular Automaton RNG created with seed FFE0C2C5
Updating the PRNG

RUN 32

Best Fitness: 1.0
Unsolved Clauses:
SUCCESS
4 bytes of seed data acquired from /dev/random
Cellular Automaton RNG created with seed 3A92493E
Updating the PRNG

RUN 33

Best Fitness: 1.0
Unsolved Clauses:
SUCCESS
4 bytes of seed data acquired from /dev/random
Cellular Automaton RNG created with seed 8EBECC8B
Updating the PRNG

RUN 34

Best Fitness: 1.0
Unsolved Clauses:
SUCCESS
4 bytes of seed data acquired from /dev/random
Cellular Automaton RNG created with seed F5C6CAB0
Updating the PRNG

RUN 35

Best Fitness: 1.0
Unsolved Clauses:
SUCCESS
4 bytes of seed data acquired from /dev/random
Cellular Automaton RNG created with seed B98B872A
Updating the PRNG

RUN 36

Best Fitness: 1.0
Unsolved Clauses:
SUCCESS
4 bytes of seed data acquired from /dev/random
Cellular Automaton RNG created with seed 30E81C3C
Updating the PRNG

RUN 37

Best Fitness: 1.0
Unsolved Clauses:
SUCCESS
4 bytes of seed data acquired from /dev/random
Cellular Automaton RNG created with seed 3C53103F
Updating the PRNG

RUN 38

Best Fitness: 1.0
Unsolved Clauses:
SUCCESS
4 bytes of seed data acquired from /dev/random
Cellular Automaton RNG created with seed 735E6B4B
Updating the PRNG

RUN 39

Best Fitness: 1.0
Unsolved Clauses:
SUCCESS
4 bytes of seed data acquired from /dev/random
Cellular Automaton RNG created with seed AA9BA3C5
Updating the PRNG

RUN 40

Best Fitness: 1.0
Unsolved Clauses:
SUCCESS
4 bytes of seed data acquired from /dev/random
Cellular Automaton RNG created with seed 4592DEBD
Updating the PRNG

RUN 41

Best Fitness: 1.0
Unsolved Clauses:
SUCCESS
4 bytes of seed data acquired from /dev/random
Cellular Automaton RNG created with seed C4D82C23
Updating the PRNG

RUN 42

Best Fitness: 1.0
Unsolved Clauses:
SUCCESS
4 bytes of seed data acquired from /dev/random
Cellular Automaton RNG created with seed 97BDD098
Updating the PRNG

RUN 43

Best Fitness: 1.0
Unsolved Clauses:
SUCCESS
4 bytes of seed data acquired from /dev/random
Cellular Automaton RNG created with seed 29AAE07C
Updating the PRNG

RUN 44

Best Fitness: 1.0
Unsolved Clauses:
SUCCESS
4 bytes of seed data acquired from /dev/random
Cellular Automaton RNG created with seed 4C9541A8
Updating the PRNG

RUN 45

Best Fitness: 1.0
Unsolved Clauses:
SUCCESS
4 bytes of seed data acquired from /dev/random
Cellular Automaton RNG created with seed E0E258AD
Updating the PRNG

RUN 46

Best Fitness: 1.0
Unsolved Clauses:
SUCCESS
4 bytes of seed data acquired from /dev/random
Cellular Automaton RNG created with seed CEEDD12F
Updating the PRNG

RUN 47

Best Fitness: 1.0
Unsolved Clauses:
SUCCESS
4 bytes of seed data acquired from /dev/random
Cellular Automaton RNG created with seed 48584DD9
Updating the PRNG

RUN 48

Best Fitness: 1.0
Unsolved Clauses:
SUCCESS
4 bytes of seed data acquired from /dev/random
Cellular Automaton RNG created with seed EFE14C5E
Updating the PRNG

RUN 49

Best Fitness: 1.0
Unsolved Clauses:
SUCCESS
4 bytes of seed data acquired from /dev/random
Cellular Automaton RNG created with seed A094A2AE
Updating the PRNG

RUN 50

Best Fitness: 1.0
Unsolved Clauses:
SUCCESS
47/50 runs successful
