default.properties
4 bytes of seed data acquired from /dev/random
Cellular Automaton RNG created with seed 48EE08E4
4 bytes of seed data acquired from /dev/random
Cellular Automaton RNG created with seed E90FC42F
Updating the PRNG
4 bytes of seed data acquired from /dev/random
Cellular Automaton RNG created with seed 7E3BCF0D
Updating the PRNG

RUN 1

Best Fitness: 1.0
Unsolved Clauses:
SUCCESS
4 bytes of seed data acquired from /dev/random
Cellular Automaton RNG created with seed 90DDACF8
Updating the PRNG

RUN 2

Best Fitness: 0.9969230769230769
Unsolved Clauses:35 
FAILURE
4 bytes of seed data acquired from /dev/random
Cellular Automaton RNG created with seed 92681DE6
Updating the PRNG

RUN 3

Best Fitness: 0.9969230769230769
Unsolved Clauses:206 
FAILURE
4 bytes of seed data acquired from /dev/random
Cellular Automaton RNG created with seed 9BE60275
Updating the PRNG

RUN 4

Best Fitness: 0.9969230769230769
Unsolved Clauses:35 
FAILURE
4 bytes of seed data acquired from /dev/random
Cellular Automaton RNG created with seed CC646B34
Updating the PRNG

RUN 5

Best Fitness: 0.9969230769230769
Unsolved Clauses:117 
FAILURE
4 bytes of seed data acquired from /dev/random
Cellular Automaton RNG created with seed 335CAB9E
Updating the PRNG

RUN 6

Best Fitness: 0.9969230769230769
Unsolved Clauses:206 
FAILURE
4 bytes of seed data acquired from /dev/random
Cellular Automaton RNG created with seed 7CF5CB8B
Updating the PRNG

RUN 7

Best Fitness: 0.9969230769230769
Unsolved Clauses:0 
FAILURE
4 bytes of seed data acquired from /dev/random
Cellular Automaton RNG created with seed E6CB0A34
Updating the PRNG

RUN 8

Best Fitness: 1.0
Unsolved Clauses:
SUCCESS
4 bytes of seed data acquired from /dev/random
Cellular Automaton RNG created with seed C0DAC12F
Updating the PRNG

RUN 9

Best Fitness: 0.9969230769230769
Unsolved Clauses:35 
FAILURE
4 bytes of seed data acquired from /dev/random
Cellular Automaton RNG created with seed 795FC06A
Updating the PRNG

RUN 10

Best Fitness: 0.9969230769230769
Unsolved Clauses:76 
FAILURE
4 bytes of seed data acquired from /dev/random
Cellular Automaton RNG created with seed C9522982
Updating the PRNG

RUN 11

Best Fitness: 0.9969230769230769
Unsolved Clauses:220 
FAILURE
4 bytes of seed data acquired from /dev/random
Cellular Automaton RNG created with seed E8DED22C
Updating the PRNG

RUN 12

Best Fitness: 0.9969230769230769
Unsolved Clauses:258 
FAILURE
4 bytes of seed data acquired from /dev/random
Cellular Automaton RNG created with seed 680D72E8
Updating the PRNG

RUN 13

Best Fitness: 1.0
Unsolved Clauses:
SUCCESS
4 bytes of seed data acquired from /dev/random
Cellular Automaton RNG created with seed FB7D4485
Updating the PRNG

RUN 14

Best Fitness: 1.0
Unsolved Clauses:
SUCCESS
4 bytes of seed data acquired from /dev/random
Cellular Automaton RNG created with seed 6FB88A48
Updating the PRNG

RUN 15

Best Fitness: 0.9969230769230769
Unsolved Clauses:35 
FAILURE
4 bytes of seed data acquired from /dev/random
Cellular Automaton RNG created with seed E0554651
Updating the PRNG

RUN 16

Best Fitness: 0.9969230769230769
Unsolved Clauses:35 
FAILURE
4 bytes of seed data acquired from /dev/random
Cellular Automaton RNG created with seed 50974A94
Updating the PRNG

RUN 17

Best Fitness: 0.9969230769230769
Unsolved Clauses:35 
FAILURE
4 bytes of seed data acquired from /dev/random
Cellular Automaton RNG created with seed DAA4EE9A
Updating the PRNG

RUN 18

Best Fitness: 1.0
Unsolved Clauses:
SUCCESS
4 bytes of seed data acquired from /dev/random
Cellular Automaton RNG created with seed 4196099D
Updating the PRNG

RUN 19

Best Fitness: 0.9969230769230769
Unsolved Clauses:104 
FAILURE
4 bytes of seed data acquired from /dev/random
Cellular Automaton RNG created with seed 3F54A412
Updating the PRNG

RUN 20

Best Fitness: 1.0
Unsolved Clauses:
SUCCESS
4 bytes of seed data acquired from /dev/random
Cellular Automaton RNG created with seed 1A68BEA4
Updating the PRNG

RUN 21

Best Fitness: 0.9969230769230769
Unsolved Clauses:0 
FAILURE
4 bytes of seed data acquired from /dev/random
Cellular Automaton RNG created with seed AF9F1A68
Updating the PRNG

RUN 22

Best Fitness: 0.9969230769230769
Unsolved Clauses:224 
FAILURE
4 bytes of seed data acquired from /dev/random
Cellular Automaton RNG created with seed F344B8C1
Updating the PRNG

RUN 23

Best Fitness: 0.9938461538461538
Unsolved Clauses:220 258 
FAILURE
4 bytes of seed data acquired from /dev/random
Cellular Automaton RNG created with seed 3CE00D4C
Updating the PRNG

RUN 24

Best Fitness: 1.0
Unsolved Clauses:
SUCCESS
4 bytes of seed data acquired from /dev/random
Cellular Automaton RNG created with seed 74DE6191
Updating the PRNG

RUN 25

Best Fitness: 1.0
Unsolved Clauses:
SUCCESS
4 bytes of seed data acquired from /dev/random
Cellular Automaton RNG created with seed 4E5616C4
Updating the PRNG

RUN 26

Best Fitness: 0.9969230769230769
Unsolved Clauses:0 
FAILURE
4 bytes of seed data acquired from /dev/random
Cellular Automaton RNG created with seed 8033FD61
Updating the PRNG

RUN 27

Best Fitness: 0.9969230769230769
Unsolved Clauses:35 
FAILURE
4 bytes of seed data acquired from /dev/random
Cellular Automaton RNG created with seed 2C2C127D
Updating the PRNG

RUN 28

Best Fitness: 0.9969230769230769
Unsolved Clauses:93 
FAILURE
4 bytes of seed data acquired from /dev/random
Cellular Automaton RNG created with seed 616D579B
Updating the PRNG

RUN 29

Best Fitness: 0.9969230769230769
Unsolved Clauses:104 
FAILURE
4 bytes of seed data acquired from /dev/random
Cellular Automaton RNG created with seed F1E9C447
Updating the PRNG

RUN 30

Best Fitness: 1.0
Unsolved Clauses:
SUCCESS
4 bytes of seed data acquired from /dev/random
Cellular Automaton RNG created with seed B77616AB
Updating the PRNG

RUN 31

Best Fitness: 1.0
Unsolved Clauses:
SUCCESS
4 bytes of seed data acquired from /dev/random
Cellular Automaton RNG created with seed 6119D241
Updating the PRNG

RUN 32

Best Fitness: 0.9969230769230769
Unsolved Clauses:158 
FAILURE
4 bytes of seed data acquired from /dev/random
Cellular Automaton RNG created with seed 845615C5
Updating the PRNG

RUN 33

Best Fitness: 0.9969230769230769
Unsolved Clauses:35 
FAILURE
4 bytes of seed data acquired from /dev/random
Cellular Automaton RNG created with seed D9AA4869
Updating the PRNG

RUN 34

Best Fitness: 1.0
Unsolved Clauses:
SUCCESS
4 bytes of seed data acquired from /dev/random
Cellular Automaton RNG created with seed 6C35546F
Updating the PRNG

RUN 35

Best Fitness: 0.9969230769230769
Unsolved Clauses:258 
FAILURE
4 bytes of seed data acquired from /dev/random
Cellular Automaton RNG created with seed 9A03486A
Updating the PRNG

RUN 36

Best Fitness: 1.0
Unsolved Clauses:
SUCCESS
4 bytes of seed data acquired from /dev/random
Cellular Automaton RNG created with seed 2C587CFC
Updating the PRNG

RUN 37

Best Fitness: 1.0
Unsolved Clauses:
SUCCESS
4 bytes of seed data acquired from /dev/random
Cellular Automaton RNG created with seed 1E3723D3
Updating the PRNG

RUN 38

Best Fitness: 1.0
Unsolved Clauses:
SUCCESS
4 bytes of seed data acquired from /dev/random
Cellular Automaton RNG created with seed D219574C
Updating the PRNG

RUN 39

Best Fitness: 1.0
Unsolved Clauses:
SUCCESS
4 bytes of seed data acquired from /dev/random
Cellular Automaton RNG created with seed F03C3C5D
Updating the PRNG

RUN 40

Best Fitness: 1.0
Unsolved Clauses:
SUCCESS
4 bytes of seed data acquired from /dev/random
Cellular Automaton RNG created with seed 88647404
Updating the PRNG

RUN 41

Best Fitness: 0.9969230769230769
Unsolved Clauses:35 
FAILURE
4 bytes of seed data acquired from /dev/random
Cellular Automaton RNG created with seed 66B6367C
Updating the PRNG

RUN 42

Best Fitness: 1.0
Unsolved Clauses:
SUCCESS
4 bytes of seed data acquired from /dev/random
Cellular Automaton RNG created with seed 0C6E9302
Updating the PRNG

RUN 43

Best Fitness: 1.0
Unsolved Clauses:
SUCCESS
4 bytes of seed data acquired from /dev/random
Cellular Automaton RNG created with seed 4A08B6F1
Updating the PRNG

RUN 44

Best Fitness: 0.9969230769230769
Unsolved Clauses:35 
FAILURE
4 bytes of seed data acquired from /dev/random
Cellular Automaton RNG created with seed 8B74F11A
Updating the PRNG

RUN 45

Best Fitness: 0.9938461538461538
Unsolved Clauses:26 117 
FAILURE
4 bytes of seed data acquired from /dev/random
Cellular Automaton RNG created with seed 60276DC5
Updating the PRNG

RUN 46

Best Fitness: 1.0
Unsolved Clauses:
SUCCESS
4 bytes of seed data acquired from /dev/random
Cellular Automaton RNG created with seed AF4988ED
Updating the PRNG

RUN 47

Best Fitness: 0.9969230769230769
Unsolved Clauses:0 
FAILURE
4 bytes of seed data acquired from /dev/random
Cellular Automaton RNG created with seed 3EEE35D7
Updating the PRNG

RUN 48

Best Fitness: 0.9969230769230769
Unsolved Clauses:35 
FAILURE
4 bytes of seed data acquired from /dev/random
Cellular Automaton RNG created with seed 94C89119
Updating the PRNG

RUN 49

Best Fitness: 0.9969230769230769
Unsolved Clauses:35 
FAILURE
4 bytes of seed data acquired from /dev/random
Cellular Automaton RNG created with seed C11D44FD
Updating the PRNG

RUN 50

Best Fitness: 0.9969230769230769
Unsolved Clauses:220 
FAILURE
19/50 runs successful
