default.properties
4 bytes of seed data acquired from /dev/random
Cellular Automaton RNG created with seed 0A2A2079
4 bytes of seed data acquired from /dev/random
Cellular Automaton RNG created with seed 145FFB10
Updating the PRNG
4 bytes of seed data acquired from /dev/random
Cellular Automaton RNG created with seed 6CD7CB22
Updating the PRNG

RUN 1

Best Fitness: 0.9976744186046511
Unsolved Clauses:420 
FAILURE
4 bytes of seed data acquired from /dev/random
Cellular Automaton RNG created with seed 18CEB332
Updating the PRNG

RUN 2

Best Fitness: 1.0
Unsolved Clauses:
SUCCESS
4 bytes of seed data acquired from /dev/random
Cellular Automaton RNG created with seed 016BF564
Updating the PRNG

RUN 3

Best Fitness: 1.0
Unsolved Clauses:
SUCCESS
4 bytes of seed data acquired from /dev/random
Cellular Automaton RNG created with seed FB07761C
Updating the PRNG

RUN 4

Best Fitness: 0.9976744186046511
Unsolved Clauses:173 
FAILURE
4 bytes of seed data acquired from /dev/random
Cellular Automaton RNG created with seed D964FDEC
Updating the PRNG

RUN 5

Best Fitness: 1.0
Unsolved Clauses:
SUCCESS
4 bytes of seed data acquired from /dev/random
Cellular Automaton RNG created with seed 5A68B2C0
Updating the PRNG

RUN 6

Best Fitness: 0.9976744186046511
Unsolved Clauses:324 
FAILURE
4 bytes of seed data acquired from /dev/random
Cellular Automaton RNG created with seed 9181A420
Updating the PRNG

RUN 7

Best Fitness: 0.9976744186046511
Unsolved Clauses:324 
FAILURE
4 bytes of seed data acquired from /dev/random
Cellular Automaton RNG created with seed DC2F4D5E
Updating the PRNG

RUN 8

Best Fitness: 1.0
Unsolved Clauses:
SUCCESS
4 bytes of seed data acquired from /dev/random
Cellular Automaton RNG created with seed AFA85D03
Updating the PRNG

RUN 9

Best Fitness: 0.9953488372093023
Unsolved Clauses:90 331 
FAILURE
4 bytes of seed data acquired from /dev/random
Cellular Automaton RNG created with seed 2DE50A52
Updating the PRNG

RUN 10

Best Fitness: 0.9976744186046511
Unsolved Clauses:66 
FAILURE
4 bytes of seed data acquired from /dev/random
Cellular Automaton RNG created with seed 313B7C2D
Updating the PRNG

RUN 11

Best Fitness: 0.9976744186046511
Unsolved Clauses:324 
FAILURE
4 bytes of seed data acquired from /dev/random
Cellular Automaton RNG created with seed 013ABDFB
Updating the PRNG

RUN 12

Best Fitness: 0.9976744186046511
Unsolved Clauses:107 
FAILURE
4 bytes of seed data acquired from /dev/random
Cellular Automaton RNG created with seed 21F53B72
Updating the PRNG

RUN 13

Best Fitness: 0.9976744186046511
Unsolved Clauses:22 
FAILURE
4 bytes of seed data acquired from /dev/random
Cellular Automaton RNG created with seed 1F7813EF
Updating the PRNG

RUN 14

Best Fitness: 1.0
Unsolved Clauses:
SUCCESS
4 bytes of seed data acquired from /dev/random
Cellular Automaton RNG created with seed 7A116A40
Updating the PRNG

RUN 15

Best Fitness: 1.0
Unsolved Clauses:
SUCCESS
4 bytes of seed data acquired from /dev/random
Cellular Automaton RNG created with seed 15A4435A
Updating the PRNG

RUN 16

Best Fitness: 0.9976744186046511
Unsolved Clauses:324 
FAILURE
4 bytes of seed data acquired from /dev/random
Cellular Automaton RNG created with seed 0DE0500B
Updating the PRNG

RUN 17

Best Fitness: 1.0
Unsolved Clauses:
SUCCESS
4 bytes of seed data acquired from /dev/random
Cellular Automaton RNG created with seed F3998DA4
Updating the PRNG

RUN 18

Best Fitness: 0.9976744186046511
Unsolved Clauses:338 
FAILURE
4 bytes of seed data acquired from /dev/random
Cellular Automaton RNG created with seed A09DFDD0
Updating the PRNG

RUN 19

Best Fitness: 1.0
Unsolved Clauses:
SUCCESS
4 bytes of seed data acquired from /dev/random
Cellular Automaton RNG created with seed B217265C
Updating the PRNG

RUN 20

Best Fitness: 0.9976744186046511
Unsolved Clauses:173 
FAILURE
4 bytes of seed data acquired from /dev/random
Cellular Automaton RNG created with seed 098EA5BD
Updating the PRNG

RUN 21

Best Fitness: 0.9953488372093023
Unsolved Clauses:90 409 
FAILURE
4 bytes of seed data acquired from /dev/random
Cellular Automaton RNG created with seed 81D711BD
Updating the PRNG

RUN 22

Best Fitness: 1.0
Unsolved Clauses:
SUCCESS
4 bytes of seed data acquired from /dev/random
Cellular Automaton RNG created with seed A07669BE
Updating the PRNG

RUN 23

Best Fitness: 1.0
Unsolved Clauses:
SUCCESS
4 bytes of seed data acquired from /dev/random
Cellular Automaton RNG created with seed 09249719
Updating the PRNG

RUN 24

Best Fitness: 1.0
Unsolved Clauses:
SUCCESS
4 bytes of seed data acquired from /dev/random
Cellular Automaton RNG created with seed A3E8A2A5
Updating the PRNG

RUN 25

Best Fitness: 0.9976744186046511
Unsolved Clauses:324 
FAILURE
4 bytes of seed data acquired from /dev/random
Cellular Automaton RNG created with seed 1827F3D2
Updating the PRNG

RUN 26

Best Fitness: 1.0
Unsolved Clauses:
SUCCESS
4 bytes of seed data acquired from /dev/random
Cellular Automaton RNG created with seed CD7CEB5F
Updating the PRNG

RUN 27

Best Fitness: 1.0
Unsolved Clauses:
SUCCESS
4 bytes of seed data acquired from /dev/random
Cellular Automaton RNG created with seed D5BEE5C7
Updating the PRNG

RUN 28

Best Fitness: 0.9976744186046511
Unsolved Clauses:22 
FAILURE
4 bytes of seed data acquired from /dev/random
Cellular Automaton RNG created with seed 49BA51A4
Updating the PRNG

RUN 29

Best Fitness: 1.0
Unsolved Clauses:
SUCCESS
4 bytes of seed data acquired from /dev/random
Cellular Automaton RNG created with seed 281E4AA3
Updating the PRNG

RUN 30

Best Fitness: 1.0
Unsolved Clauses:
SUCCESS
4 bytes of seed data acquired from /dev/random
Cellular Automaton RNG created with seed 9817AC1C
Updating the PRNG

RUN 31

Best Fitness: 0.9976744186046511
Unsolved Clauses:272 
FAILURE
4 bytes of seed data acquired from /dev/random
Cellular Automaton RNG created with seed DDCCA114
Updating the PRNG

RUN 32

Best Fitness: 0.9976744186046511
Unsolved Clauses:272 
FAILURE
4 bytes of seed data acquired from /dev/random
Cellular Automaton RNG created with seed E0CD1B96
Updating the PRNG

RUN 33

Best Fitness: 0.9976744186046511
Unsolved Clauses:133 
FAILURE
4 bytes of seed data acquired from /dev/random
Cellular Automaton RNG created with seed 805C641F
Updating the PRNG

RUN 34

Best Fitness: 0.9976744186046511
Unsolved Clauses:272 
FAILURE
4 bytes of seed data acquired from /dev/random
Cellular Automaton RNG created with seed A265CD8B
Updating the PRNG

RUN 35

Best Fitness: 1.0
Unsolved Clauses:
SUCCESS
4 bytes of seed data acquired from /dev/random
Cellular Automaton RNG created with seed DAD84624
Updating the PRNG

RUN 36

Best Fitness: 0.9976744186046511
Unsolved Clauses:66 
FAILURE
4 bytes of seed data acquired from /dev/random
Cellular Automaton RNG created with seed A19530A5
Updating the PRNG

RUN 37

Best Fitness: 0.9976744186046511
Unsolved Clauses:22 
FAILURE
4 bytes of seed data acquired from /dev/random
Cellular Automaton RNG created with seed 0B24046F
Updating the PRNG

RUN 38

Best Fitness: 1.0
Unsolved Clauses:
SUCCESS
4 bytes of seed data acquired from /dev/random
Cellular Automaton RNG created with seed B617C193
Updating the PRNG

RUN 39

Best Fitness: 0.9953488372093023
Unsolved Clauses:265 344 
FAILURE
4 bytes of seed data acquired from /dev/random
Cellular Automaton RNG created with seed 8E57AE30
Updating the PRNG

RUN 40

Best Fitness: 0.9953488372093023
Unsolved Clauses:90 330 
FAILURE
4 bytes of seed data acquired from /dev/random
Cellular Automaton RNG created with seed 8FC569F0
Updating the PRNG

RUN 41

Best Fitness: 0.9953488372093023
Unsolved Clauses:179 344 
FAILURE
4 bytes of seed data acquired from /dev/random
Cellular Automaton RNG created with seed FDFFD6A2
Updating the PRNG

RUN 42

Best Fitness: 0.9976744186046511
Unsolved Clauses:338 
FAILURE
4 bytes of seed data acquired from /dev/random
Cellular Automaton RNG created with seed CA735603
Updating the PRNG

RUN 43

Best Fitness: 1.0
Unsolved Clauses:
SUCCESS
4 bytes of seed data acquired from /dev/random
Cellular Automaton RNG created with seed 345B1E9F
Updating the PRNG

RUN 44

Best Fitness: 0.9953488372093023
Unsolved Clauses:255 325 
FAILURE
4 bytes of seed data acquired from /dev/random
Cellular Automaton RNG created with seed 4F0992E6
Updating the PRNG

RUN 45

Best Fitness: 1.0
Unsolved Clauses:
SUCCESS
4 bytes of seed data acquired from /dev/random
Cellular Automaton RNG created with seed D159F0BB
Updating the PRNG

RUN 46

Best Fitness: 0.9976744186046511
Unsolved Clauses:324 
FAILURE
4 bytes of seed data acquired from /dev/random
Cellular Automaton RNG created with seed 9E0520D9
Updating the PRNG

RUN 47

Best Fitness: 0.9953488372093023
Unsolved Clauses:409 420 
FAILURE
4 bytes of seed data acquired from /dev/random
Cellular Automaton RNG created with seed 30D0A292
Updating the PRNG

RUN 48

Best Fitness: 1.0
Unsolved Clauses:
SUCCESS
4 bytes of seed data acquired from /dev/random
Cellular Automaton RNG created with seed 342B8B2B
Updating the PRNG

RUN 49

Best Fitness: 0.9953488372093023
Unsolved Clauses:255 325 
FAILURE
4 bytes of seed data acquired from /dev/random
Cellular Automaton RNG created with seed D0CFA257
Updating the PRNG

RUN 50

Best Fitness: 0.9976744186046511
Unsolved Clauses:324 
FAILURE
20/50 runs successful
