default.properties
4 bytes of seed data acquired from /dev/random
Cellular Automaton RNG created with seed 214A7BD0
4 bytes of seed data acquired from /dev/random
Cellular Automaton RNG created with seed 1C7BD608
Updating the PRNG
4 bytes of seed data acquired from /dev/random
Cellular Automaton RNG created with seed EC2897E8
Updating the PRNG

RUN 1

Best Fitness: 1.0
Unsolved Clauses:
SUCCESS
4 bytes of seed data acquired from /dev/random
Cellular Automaton RNG created with seed B7C36976
Updating the PRNG

RUN 2

Best Fitness: 0.9938461538461538
Unsolved Clauses:79 199 
FAILURE
4 bytes of seed data acquired from /dev/random
Cellular Automaton RNG created with seed A8785410
Updating the PRNG

RUN 3

Best Fitness: 0.9969230769230769
Unsolved Clauses:232 
FAILURE
4 bytes of seed data acquired from /dev/random
Cellular Automaton RNG created with seed 355322D4
Updating the PRNG

RUN 4

Best Fitness: 1.0
Unsolved Clauses:
SUCCESS
4 bytes of seed data acquired from /dev/random
Cellular Automaton RNG created with seed D6D0FF0B
Updating the PRNG

RUN 5

Best Fitness: 0.9969230769230769
Unsolved Clauses:0 
FAILURE
4 bytes of seed data acquired from /dev/random
Cellular Automaton RNG created with seed 6771D30B
Updating the PRNG

RUN 6

Best Fitness: 1.0
Unsolved Clauses:
SUCCESS
4 bytes of seed data acquired from /dev/random
Cellular Automaton RNG created with seed C7768826
Updating the PRNG

RUN 7

Best Fitness: 1.0
Unsolved Clauses:
SUCCESS
4 bytes of seed data acquired from /dev/random
Cellular Automaton RNG created with seed 1FEACF1D
Updating the PRNG

RUN 8

Best Fitness: 0.9969230769230769
Unsolved Clauses:35 
FAILURE
4 bytes of seed data acquired from /dev/random
Cellular Automaton RNG created with seed A6CF27AA
Updating the PRNG

RUN 9

Best Fitness: 0.9969230769230769
Unsolved Clauses:0 
FAILURE
4 bytes of seed data acquired from /dev/random
Cellular Automaton RNG created with seed A8E7D231
Updating the PRNG

RUN 10

Best Fitness: 0.9969230769230769
Unsolved Clauses:35 
FAILURE
4 bytes of seed data acquired from /dev/random
Cellular Automaton RNG created with seed B503998E
Updating the PRNG

RUN 11

Best Fitness: 0.9969230769230769
Unsolved Clauses:0 
FAILURE
4 bytes of seed data acquired from /dev/random
Cellular Automaton RNG created with seed 3BE2E72C
Updating the PRNG

RUN 12

Best Fitness: 0.9969230769230769
Unsolved Clauses:224 
FAILURE
4 bytes of seed data acquired from /dev/random
Cellular Automaton RNG created with seed E6EE1D38
Updating the PRNG

RUN 13

Best Fitness: 1.0
Unsolved Clauses:
SUCCESS
4 bytes of seed data acquired from /dev/random
Cellular Automaton RNG created with seed 15998B9E
Updating the PRNG

RUN 14

Best Fitness: 1.0
Unsolved Clauses:
SUCCESS
4 bytes of seed data acquired from /dev/random
Cellular Automaton RNG created with seed 6DCB8D2E
Updating the PRNG

RUN 15

Best Fitness: 1.0
Unsolved Clauses:
SUCCESS
4 bytes of seed data acquired from /dev/random
Cellular Automaton RNG created with seed 9FA143FF
Updating the PRNG

RUN 16

Best Fitness: 0.9969230769230769
Unsolved Clauses:35 
FAILURE
4 bytes of seed data acquired from /dev/random
Cellular Automaton RNG created with seed 43D751AF
Updating the PRNG

RUN 17

Best Fitness: 0.9969230769230769
Unsolved Clauses:76 
FAILURE
4 bytes of seed data acquired from /dev/random
Cellular Automaton RNG created with seed 0B92CC50
Updating the PRNG

RUN 18

Best Fitness: 0.9969230769230769
Unsolved Clauses:0 
FAILURE
4 bytes of seed data acquired from /dev/random
Cellular Automaton RNG created with seed 824B5826
Updating the PRNG

RUN 19

Best Fitness: 0.9969230769230769
Unsolved Clauses:323 
FAILURE
4 bytes of seed data acquired from /dev/random
Cellular Automaton RNG created with seed 235EA826
Updating the PRNG

RUN 20

Best Fitness: 0.9969230769230769
Unsolved Clauses:35 
FAILURE
4 bytes of seed data acquired from /dev/random
Cellular Automaton RNG created with seed 56379E07
Updating the PRNG

RUN 21

Best Fitness: 0.9969230769230769
Unsolved Clauses:35 
FAILURE
4 bytes of seed data acquired from /dev/random
Cellular Automaton RNG created with seed 2E7398C6
Updating the PRNG

RUN 22

Best Fitness: 0.9969230769230769
Unsolved Clauses:233 
FAILURE
4 bytes of seed data acquired from /dev/random
Cellular Automaton RNG created with seed F551765A
Updating the PRNG

RUN 23

Best Fitness: 0.9969230769230769
Unsolved Clauses:35 
FAILURE
4 bytes of seed data acquired from /dev/random
Cellular Automaton RNG created with seed AE3723A1
Updating the PRNG

RUN 24

Best Fitness: 1.0
Unsolved Clauses:
SUCCESS
4 bytes of seed data acquired from /dev/random
Cellular Automaton RNG created with seed 0DF6FF39
Updating the PRNG

RUN 25

Best Fitness: 0.9969230769230769
Unsolved Clauses:319 
FAILURE
4 bytes of seed data acquired from /dev/random
Cellular Automaton RNG created with seed 54E4C752
Updating the PRNG

RUN 26

Best Fitness: 1.0
Unsolved Clauses:
SUCCESS
4 bytes of seed data acquired from /dev/random
Cellular Automaton RNG created with seed B22B55BF
Updating the PRNG

RUN 27

Best Fitness: 1.0
Unsolved Clauses:
SUCCESS
4 bytes of seed data acquired from /dev/random
Cellular Automaton RNG created with seed 65366550
Updating the PRNG

RUN 28

Best Fitness: 1.0
Unsolved Clauses:
SUCCESS
4 bytes of seed data acquired from /dev/random
Cellular Automaton RNG created with seed 902E294A
Updating the PRNG

RUN 29

Best Fitness: 1.0
Unsolved Clauses:
SUCCESS
4 bytes of seed data acquired from /dev/random
Cellular Automaton RNG created with seed 700816B7
Updating the PRNG

RUN 30

Best Fitness: 1.0
Unsolved Clauses:
SUCCESS
4 bytes of seed data acquired from /dev/random
Cellular Automaton RNG created with seed 4A7EB516
Updating the PRNG

RUN 31

Best Fitness: 1.0
Unsolved Clauses:
SUCCESS
4 bytes of seed data acquired from /dev/random
Cellular Automaton RNG created with seed 752E3142
Updating the PRNG

RUN 32

Best Fitness: 0.9969230769230769
Unsolved Clauses:0 
FAILURE
4 bytes of seed data acquired from /dev/random
Cellular Automaton RNG created with seed B9964CDF
Updating the PRNG

RUN 33

Best Fitness: 0.9969230769230769
Unsolved Clauses:0 
FAILURE
4 bytes of seed data acquired from /dev/random
Cellular Automaton RNG created with seed B71DD44E
Updating the PRNG

RUN 34

Best Fitness: 1.0
Unsolved Clauses:
SUCCESS
4 bytes of seed data acquired from /dev/random
Cellular Automaton RNG created with seed 25E15253
Updating the PRNG

RUN 35

Best Fitness: 1.0
Unsolved Clauses:
SUCCESS
4 bytes of seed data acquired from /dev/random
Cellular Automaton RNG created with seed 37A9E10B
Updating the PRNG

RUN 36

Best Fitness: 1.0
Unsolved Clauses:
SUCCESS
4 bytes of seed data acquired from /dev/random
Cellular Automaton RNG created with seed B3F070B5
Updating the PRNG

RUN 37

Best Fitness: 1.0
Unsolved Clauses:
SUCCESS
4 bytes of seed data acquired from /dev/random
Cellular Automaton RNG created with seed CBA4B29C
Updating the PRNG

RUN 38

Best Fitness: 1.0
Unsolved Clauses:
SUCCESS
4 bytes of seed data acquired from /dev/random
Cellular Automaton RNG created with seed 7F944E2F
Updating the PRNG

RUN 39

Best Fitness: 1.0
Unsolved Clauses:
SUCCESS
4 bytes of seed data acquired from /dev/random
Cellular Automaton RNG created with seed 8F9E0F97
Updating the PRNG

RUN 40

Best Fitness: 0.9969230769230769
Unsolved Clauses:0 
FAILURE
4 bytes of seed data acquired from /dev/random
Cellular Automaton RNG created with seed 4C367A1D
Updating the PRNG

RUN 41

Best Fitness: 1.0
Unsolved Clauses:
SUCCESS
4 bytes of seed data acquired from /dev/random
Cellular Automaton RNG created with seed 0B405722
Updating the PRNG

RUN 42

Best Fitness: 1.0
Unsolved Clauses:
SUCCESS
4 bytes of seed data acquired from /dev/random
Cellular Automaton RNG created with seed 159F28B3
Updating the PRNG

RUN 43

Best Fitness: 1.0
Unsolved Clauses:
SUCCESS
4 bytes of seed data acquired from /dev/random
Cellular Automaton RNG created with seed 8F90E7D4
Updating the PRNG

RUN 44

Best Fitness: 1.0
Unsolved Clauses:
SUCCESS
4 bytes of seed data acquired from /dev/random
Cellular Automaton RNG created with seed A6C37807
Updating the PRNG

RUN 45

Best Fitness: 0.9969230769230769
Unsolved Clauses:35 
FAILURE
4 bytes of seed data acquired from /dev/random
Cellular Automaton RNG created with seed 220A193A
Updating the PRNG

RUN 46

Best Fitness: 1.0
Unsolved Clauses:
SUCCESS
4 bytes of seed data acquired from /dev/random
Cellular Automaton RNG created with seed 00CAE876
Updating the PRNG

RUN 47

Best Fitness: 0.9938461538461538
Unsolved Clauses:76 258 
FAILURE
4 bytes of seed data acquired from /dev/random
Cellular Automaton RNG created with seed A951B030
Updating the PRNG

RUN 48

Best Fitness: 1.0
Unsolved Clauses:
SUCCESS
4 bytes of seed data acquired from /dev/random
Cellular Automaton RNG created with seed 3CDE09B4
Updating the PRNG

RUN 49

Best Fitness: 1.0
Unsolved Clauses:
SUCCESS
4 bytes of seed data acquired from /dev/random
Cellular Automaton RNG created with seed D2C9425F
Updating the PRNG

RUN 50

Best Fitness: 1.0
Unsolved Clauses:
SUCCESS
28/50 runs successful
